<?xml version="1.0" encoding="UTF-8"?>
<testng-results skipped="0" failed="1" ignored="0" total="1" passed="0">
  <reporter-output>
  </reporter-output>
  <suite name="Project Name" duration-ms="12790" started-at="2021-04-10T15:06:52 IST" finished-at="2021-04-10T15:07:05 IST">
    <groups>
    </groups>
    <test name="CurrencyChange" duration-ms="12790" started-at="2021-04-10T15:06:52 IST" finished-at="2021-04-10T15:07:05 IST">
      <class name="org.coa.listingPage.CurrencyChange">
        <test-method status="PASS" signature="initialize()[pri:0, instance:org.coa.listingPage.CurrencyChange@56ac3a89]" name="initialize" is-config="true" duration-ms="3708" started-at="2021-04-10T15:06:52 IST" finished-at="2021-04-10T15:06:56 IST">
          <reporter-output>
          </reporter-output>
        </test-method> <!-- initialize -->
        <test-method status="FAIL" signature="currency()[pri:0, instance:org.coa.listingPage.CurrencyChange@56ac3a89]" name="currency" duration-ms="7162" started-at="2021-04-10T15:06:56 IST" finished-at="2021-04-10T15:07:03 IST">
          <exception class="java.lang.AssertionError">
            <message>
              <![CDATA[Listing page is not loaded. did not expect to find [true] but found [false]]]>
            </message>
            <full-stacktrace>
              <![CDATA[java.lang.AssertionError: Listing page is not loaded. did not expect to find [true] but found [false]
at org.testng.Assert.fail(Assert.java:97)
at org.testng.Assert.failNotEquals(Assert.java:969)
at org.testng.Assert.assertTrue(Assert.java:43)
at org.coa.listingPage.CurrencyChange.currency(CurrencyChange.java:22)
at sun.reflect.NativeMethodAccessorImpl.invoke0(Native Method)
at sun.reflect.NativeMethodAccessorImpl.invoke(NativeMethodAccessorImpl.java:62)
at sun.reflect.DelegatingMethodAccessorImpl.invoke(DelegatingMethodAccessorImpl.java:43)
at java.lang.reflect.Method.invoke(Method.java:498)
at org.testng.internal.MethodInvocationHelper.invokeMethod(MethodInvocationHelper.java:133)
at org.testng.internal.TestInvoker.invokeMethod(TestInvoker.java:584)
at org.testng.internal.TestInvoker.invokeTestMethod(TestInvoker.java:172)
at org.testng.internal.MethodRunner.runInSequence(MethodRunner.java:46)
at org.testng.internal.TestInvoker$MethodInvocationAgent.invoke(TestInvoker.java:804)
at org.testng.internal.TestInvoker.invokeTestMethods(TestInvoker.java:145)
at org.testng.internal.TestMethodWorker.invokeTestMethods(TestMethodWorker.java:146)
at org.testng.internal.TestMethodWorker.run(TestMethodWorker.java:128)
at java.util.ArrayList.forEach(ArrayList.java:1257)
at org.testng.TestRunner.privateRun(TestRunner.java:770)
at org.testng.TestRunner.run(TestRunner.java:591)
at org.testng.SuiteRunner.runTest(SuiteRunner.java:402)
at org.testng.SuiteRunner.access$000(SuiteRunner.java:41)
at org.testng.SuiteRunner$SuiteWorker.run(SuiteRunner.java:443)
at org.testng.internal.thread.ThreadUtil.lambda$execute$0(ThreadUtil.java:67)
at java.util.concurrent.FutureTask.run(FutureTask.java:266)
at java.util.concurrent.ThreadPoolExecutor.runWorker(ThreadPoolExecutor.java:1149)
at java.util.concurrent.ThreadPoolExecutor$Worker.run(ThreadPoolExecutor.java:624)
at java.lang.Thread.run(Thread.java:748)
]]>
            </full-stacktrace>
          </exception> <!-- java.lang.AssertionError -->
          <reporter-output>
          </reporter-output>
        </test-method> <!-- currency -->
        <test-method status="PASS" signature="terminate()[pri:0, instance:org.coa.listingPage.CurrencyChange@56ac3a89]" name="terminate" is-config="true" duration-ms="1159" started-at="2021-04-10T15:07:04 IST" finished-at="2021-04-10T15:07:05 IST">
          <reporter-output>
          </reporter-output>
        </test-method> <!-- terminate -->
      </class> <!-- org.coa.listingPage.CurrencyChange -->
    </test> <!-- CurrencyChange -->
  </suite> <!-- Project Name -->
</testng-results>
